<?xml version="1.0" encoding="UTF-8"?>
<!-- Generated by org.testng.reporters.JUnitReportReporter -->
<testsuite hostname="SNEHA-PC" name="executionEngine.DriverScriptTest" tests="1" failures="0" timestamp="29 Jan 2017 16:33:52 GMT" time="15.501" errors="0">
  <testcase name="Test" time="15.501" classname="executionEngine.DriverScriptTest"/>
</testsuite>
