<?xml version="1.0" encoding="UTF-8"?>
<!-- Generated by org.testng.reporters.JUnitReportReporter -->
<testsuite skipped="0" hostname="Ashish-PC" name="executionEngine.DriverScript" tests="1" failures="0" timestamp="07 May 2017 10:14:20 GMT" time="210.166" errors="0">
  <testcase name="Test" time="210.166" classname="executionEngine.DriverScript"/>
</testsuite> <!-- executionEngine.DriverScript -->
